{"/home/antoine/projects/cpu-monitoring/app-client/src/App.tsx": {"path":"/home/antoine/projects/cpu-monitoring/app-client/src/App.tsx","statementMap":{"0":{"start":{"line":5,"column":0},"end":{"line":5,"column":33}},"1":{"start":{"line":12,"column":31},"end":{"line":47,"column":1}},"2":{"start":{"line":13,"column":40},"end":{"line":16,"column":4}},"3":{"start":{"line":17,"column":46},"end":{"line":17,"column":70}},"4":{"start":{"line":18,"column":48},"end":{"line":18,"column":72}},"5":{"start":{"line":20,"column":2},"end":{"line":22,"column":9}},"6":{"start":{"line":21,"column":4},"end":{"line":21,"column":34}},"7":{"start":{"line":24,"column":2},"end":{"line":26,"column":23}},"8":{"start":{"line":25,"column":4},"end":{"line":25,"column":48}},"9":{"start":{"line":25,"column":24},"end":{"line":25,"column":48}},"10":{"start":{"line":28,"column":2},"end":{"line":30,"column":24}},"11":{"start":{"line":29,"column":4},"end":{"line":29,"column":52}},"12":{"start":{"line":29,"column":25},"end":{"line":29,"column":52}},"13":{"start":{"line":32,"column":38},"end":{"line":38,"column":3}},"14":{"start":{"line":33,"column":4},"end":{"line":37,"column":6}},"15":{"start":{"line":35,"column":8},"end":{"line":35,"column":79}},"16":{"start":{"line":40,"column":2},"end":{"line":46,"column":4}}},"fnMap":{"0":{"name":"(anonymous_0)","decl":{"start":{"line":12,"column":31},"end":{"line":12,"column":32}},"loc":{"start":{"line":12,"column":37},"end":{"line":47,"column":1}},"line":12},"1":{"name":"(anonymous_1)","decl":{"start":{"line":20,"column":12},"end":{"line":20,"column":13}},"loc":{"start":{"line":20,"column":18},"end":{"line":22,"column":3}},"line":20},"2":{"name":"(anonymous_2)","decl":{"start":{"line":24,"column":12},"end":{"line":24,"column":13}},"loc":{"start":{"line":24,"column":18},"end":{"line":26,"column":3}},"line":24},"3":{"name":"(anonymous_3)","decl":{"start":{"line":28,"column":12},"end":{"line":28,"column":13}},"loc":{"start":{"line":28,"column":18},"end":{"line":30,"column":3}},"line":28},"4":{"name":"(anonymous_4)","decl":{"start":{"line":32,"column":38},"end":{"line":32,"column":39}},"loc":{"start":{"line":32,"column":44},"end":{"line":38,"column":3}},"line":32},"5":{"name":"(anonymous_5)","decl":{"start":{"line":34,"column":6},"end":{"line":34,"column":7}},"loc":{"start":{"line":35,"column":8},"end":{"line":35,"column":79}},"line":35}},"branchMap":{"0":{"loc":{"start":{"line":25,"column":4},"end":{"line":25,"column":48}},"type":"if","locations":[{"start":{"line":25,"column":4},"end":{"line":25,"column":48}},{"start":{},"end":{}}],"line":25},"1":{"loc":{"start":{"line":29,"column":4},"end":{"line":29,"column":52}},"type":"if","locations":[{"start":{"line":29,"column":4},"end":{"line":29,"column":52}},{"start":{},"end":{}}],"line":29}},"s":{"0":0,"1":0,"2":0,"3":0,"4":0,"5":0,"6":0,"7":0,"8":0,"9":0,"10":0,"11":0,"12":0,"13":0,"14":0,"15":0,"16":0},"f":{"0":0,"1":0,"2":0,"3":0,"4":0,"5":0},"b":{"0":[0,0],"1":[0,0]}}
,"/home/antoine/projects/cpu-monitoring/app-client/src/index.tsx": {"path":"/home/antoine/projects/cpu-monitoring/app-client/src/index.tsx","statementMap":{"0":{"start":{"line":7,"column":13},"end":{"line":9,"column":1}},"1":{"start":{"line":10,"column":0},"end":{"line":10,"column":21}},"2":{"start":{"line":12,"column":0},"end":{"line":12,"column":18}}},"fnMap":{},"branchMap":{},"s":{"0":0,"1":0,"2":0},"f":{},"b":{}}
,"/home/antoine/projects/cpu-monitoring/app-client/src/reportWebVitals.ts": {"path":"/home/antoine/projects/cpu-monitoring/app-client/src/reportWebVitals.ts","statementMap":{"0":{"start":{"line":3,"column":24},"end":{"line":13,"column":1}},"1":{"start":{"line":4,"column":2},"end":{"line":12,"column":3}},"2":{"start":{"line":5,"column":4},"end":{"line":11,"column":7}},"3":{"start":{"line":6,"column":6},"end":{"line":6,"column":26}},"4":{"start":{"line":7,"column":6},"end":{"line":7,"column":26}},"5":{"start":{"line":8,"column":6},"end":{"line":8,"column":26}},"6":{"start":{"line":9,"column":6},"end":{"line":9,"column":26}},"7":{"start":{"line":10,"column":6},"end":{"line":10,"column":27}}},"fnMap":{"0":{"name":"(anonymous_0)","decl":{"start":{"line":3,"column":24},"end":{"line":3,"column":25}},"loc":{"start":{"line":3,"column":57},"end":{"line":13,"column":1}},"line":3},"1":{"name":"(anonymous_1)","decl":{"start":{"line":5,"column":30},"end":{"line":5,"column":31}},"loc":{"start":{"line":5,"column":79},"end":{"line":11,"column":5}},"line":5}},"branchMap":{"0":{"loc":{"start":{"line":4,"column":2},"end":{"line":12,"column":3}},"type":"if","locations":[{"start":{"line":4,"column":2},"end":{"line":12,"column":3}},{"start":{},"end":{}}],"line":4},"1":{"loc":{"start":{"line":4,"column":6},"end":{"line":4,"column":52}},"type":"binary-expr","locations":[{"start":{"line":4,"column":6},"end":{"line":4,"column":17}},{"start":{"line":4,"column":21},"end":{"line":4,"column":52}}],"line":4}},"s":{"0":0,"1":0,"2":0,"3":0,"4":0,"5":0,"6":0,"7":0},"f":{"0":0,"1":0},"b":{"0":[0,0],"1":[0,0]}}
,"/home/antoine/projects/cpu-monitoring/app-client/src/Services/app.service.ts": {"path":"/home/antoine/projects/cpu-monitoring/app-client/src/Services/app.service.ts","statementMap":{"0":{"start":{"line":3,"column":28},"end":{"line":20,"column":1}},"1":{"start":{"line":4,"column":19},"end":{"line":4,"column":69}},"2":{"start":{"line":5,"column":2},"end":{"line":19,"column":3}},"3":{"start":{"line":6,"column":4},"end":{"line":6,"column":30}},"4":{"start":{"line":7,"column":24},"end":{"line":14,"column":6}},"5":{"start":{"line":16,"column":4},"end":{"line":16,"column":23}},"6":{"start":{"line":18,"column":4},"end":{"line":18,"column":25}}},"fnMap":{"0":{"name":"(anonymous_0)","decl":{"start":{"line":3,"column":28},"end":{"line":3,"column":29}},"loc":{"start":{"line":3,"column":40},"end":{"line":20,"column":1}},"line":3}},"branchMap":{},"s":{"0":0,"1":0,"2":0,"3":0,"4":0,"5":0,"6":0},"f":{"0":0},"b":{}}
,"/home/antoine/projects/cpu-monitoring/app-client/src/Utils/app.utils.ts": {"path":"/home/antoine/projects/cpu-monitoring/app-client/src/Utils/app.utils.ts","statementMap":{"0":{"start":{"line":4,"column":35},"end":{"line":4,"column":37}},"1":{"start":{"line":7,"column":30},"end":{"line":27,"column":1}},"2":{"start":{"line":8,"column":20},"end":{"line":8,"column":22}},"3":{"start":{"line":9,"column":26},"end":{"line":9,"column":28}},"4":{"start":{"line":10,"column":28},"end":{"line":10,"column":30}},"5":{"start":{"line":11,"column":23},"end":{"line":11,"column":25}},"6":{"start":{"line":14,"column":25},"end":{"line":14,"column":77}},"7":{"start":{"line":17,"column":2},"end":{"line":24,"column":3}},"8":{"start":{"line":17,"column":15},"end":{"line":17,"column":16}},"9":{"start":{"line":18,"column":20},"end":{"line":18,"column":73}},"10":{"start":{"line":19,"column":20},"end":{"line":19,"column":61}},"11":{"start":{"line":20,"column":17},"end":{"line":22,"column":24}},"12":{"start":{"line":23,"column":4},"end":{"line":23,"column":25}},"13":{"start":{"line":26,"column":2},"end":{"line":26,"column":19}},"14":{"start":{"line":29,"column":28},"end":{"line":49,"column":1}},"15":{"start":{"line":34,"column":2},"end":{"line":48,"column":3}},"16":{"start":{"line":35,"column":28},"end":{"line":35,"column":57}},"17":{"start":{"line":37,"column":22},"end":{"line":37,"column":76}},"18":{"start":{"line":37,"column":54},"end":{"line":37,"column":62}},"19":{"start":{"line":39,"column":6},"end":{"line":39,"column":61}},"20":{"start":{"line":39,"column":38},"end":{"line":39,"column":47}},"21":{"start":{"line":41,"column":4},"end":{"line":47,"column":5}},"22":{"start":{"line":42,"column":6},"end":{"line":42,"column":30}},"23":{"start":{"line":43,"column":6},"end":{"line":43,"column":32}},"24":{"start":{"line":44,"column":11},"end":{"line":47,"column":5}},"25":{"start":{"line":45,"column":6},"end":{"line":45,"column":31}},"26":{"start":{"line":46,"column":6},"end":{"line":46,"column":31}},"27":{"start":{"line":53,"column":27},"end":{"line":99,"column":1}},"28":{"start":{"line":58,"column":2},"end":{"line":60,"column":3}},"29":{"start":{"line":59,"column":4},"end":{"line":59,"column":31}},"30":{"start":{"line":61,"column":18},"end":{"line":67,"column":3}},"31":{"start":{"line":68,"column":34},"end":{"line":68,"column":68}},"32":{"start":{"line":70,"column":4},"end":{"line":70,"column":61}},"33":{"start":{"line":72,"column":2},"end":{"line":98,"column":3}},"34":{"start":{"line":73,"column":4},"end":{"line":73,"column":67}},"35":{"start":{"line":74,"column":4},"end":{"line":74,"column":33}},"36":{"start":{"line":76,"column":4},"end":{"line":97,"column":6}},"37":{"start":{"line":101,"column":23},"end":{"line":103,"column":1}},"38":{"start":{"line":102,"column":2},"end":{"line":102,"column":33}},"39":{"start":{"line":105,"column":25},"end":{"line":124,"column":1}},"40":{"start":{"line":110,"column":2},"end":{"line":123,"column":3}},"41":{"start":{"line":111,"column":21},"end":{"line":111,"column":48}},"42":{"start":{"line":112,"column":4},"end":{"line":112,"column":56}},"43":{"start":{"line":114,"column":4},"end":{"line":114,"column":35}},"44":{"start":{"line":115,"column":4},"end":{"line":119,"column":6}},"45":{"start":{"line":120,"column":4},"end":{"line":120,"column":80}},"46":{"start":{"line":122,"column":4},"end":{"line":122,"column":75}}},"fnMap":{"0":{"name":"(anonymous_0)","decl":{"start":{"line":7,"column":30},"end":{"line":7,"column":31}},"loc":{"start":{"line":7,"column":46},"end":{"line":27,"column":1}},"line":7},"1":{"name":"(anonymous_1)","decl":{"start":{"line":29,"column":28},"end":{"line":29,"column":29}},"loc":{"start":{"line":33,"column":5},"end":{"line":49,"column":1}},"line":33},"2":{"name":"(anonymous_2)","decl":{"start":{"line":37,"column":47},"end":{"line":37,"column":48}},"loc":{"start":{"line":37,"column":54},"end":{"line":37,"column":62}},"line":37},"3":{"name":"(anonymous_3)","decl":{"start":{"line":39,"column":31},"end":{"line":39,"column":32}},"loc":{"start":{"line":39,"column":38},"end":{"line":39,"column":47}},"line":39},"4":{"name":"(anonymous_4)","decl":{"start":{"line":53,"column":27},"end":{"line":53,"column":28}},"loc":{"start":{"line":57,"column":5},"end":{"line":99,"column":1}},"line":57},"5":{"name":"(anonymous_5)","decl":{"start":{"line":101,"column":23},"end":{"line":101,"column":24}},"loc":{"start":{"line":101,"column":42},"end":{"line":103,"column":1}},"line":101},"6":{"name":"(anonymous_6)","decl":{"start":{"line":105,"column":25},"end":{"line":105,"column":26}},"loc":{"start":{"line":109,"column":20},"end":{"line":124,"column":1}},"line":109}},"branchMap":{"0":{"loc":{"start":{"line":34,"column":2},"end":{"line":48,"column":3}},"type":"if","locations":[{"start":{"line":34,"column":2},"end":{"line":48,"column":3}},{"start":{},"end":{}}],"line":34},"1":{"loc":{"start":{"line":41,"column":4},"end":{"line":47,"column":5}},"type":"if","locations":[{"start":{"line":41,"column":4},"end":{"line":47,"column":5}},{"start":{"line":44,"column":11},"end":{"line":47,"column":5}}],"line":41},"2":{"loc":{"start":{"line":44,"column":11},"end":{"line":47,"column":5}},"type":"if","locations":[{"start":{"line":44,"column":11},"end":{"line":47,"column":5}},{"start":{},"end":{}}],"line":44},"3":{"loc":{"start":{"line":58,"column":2},"end":{"line":60,"column":3}},"type":"if","locations":[{"start":{"line":58,"column":2},"end":{"line":60,"column":3}},{"start":{},"end":{}}],"line":58},"4":{"loc":{"start":{"line":70,"column":4},"end":{"line":70,"column":61}},"type":"binary-expr","locations":[{"start":{"line":70,"column":4},"end":{"line":70,"column":22}},{"start":{"line":70,"column":26},"end":{"line":70,"column":61}}],"line":70},"5":{"loc":{"start":{"line":72,"column":2},"end":{"line":98,"column":3}},"type":"if","locations":[{"start":{"line":72,"column":2},"end":{"line":98,"column":3}},{"start":{"line":75,"column":9},"end":{"line":98,"column":3}}],"line":72}},"s":{"0":1,"1":1,"2":3,"3":3,"4":3,"5":3,"6":3,"7":3,"8":3,"9":180,"10":180,"11":180,"12":180,"13":3,"14":1,"15":5,"16":3,"17":3,"18":36,"19":3,"20":36,"21":3,"22":1,"23":1,"24":2,"25":1,"26":1,"27":1,"28":4,"29":1,"30":4,"31":4,"32":4,"33":4,"34":2,"35":2,"36":2,"37":1,"38":1,"39":1,"40":1,"41":1,"42":1,"43":1,"44":1,"45":1,"46":0},"f":{"0":3,"1":5,"2":36,"3":36,"4":4,"5":1,"6":1},"b":{"0":[3,2],"1":[1,2],"2":[1,1],"3":[1,3],"4":[4,0],"5":[2,2]},"_coverageSchema":"1a1c01bbd47fc00a2c39e90264f33305004495a9","hash":"9267a6e62e60276f1a7fdcb7e061e5b98ec531bf"}
}
