TN:
SF:src/App.tsx
FN:12,(anonymous_0)
FN:20,(anonymous_1)
FN:24,(anonymous_2)
FN:28,(anonymous_3)
FN:32,(anonymous_4)
FN:34,(anonymous_5)
FNF:6
FNH:0
FNDA:0,(anonymous_0)
FNDA:0,(anonymous_1)
FNDA:0,(anonymous_2)
FNDA:0,(anonymous_3)
FNDA:0,(anonymous_4)
FNDA:0,(anonymous_5)
DA:5,0
DA:12,0
DA:13,0
DA:17,0
DA:18,0
DA:20,0
DA:21,0
DA:24,0
DA:25,0
DA:28,0
DA:29,0
DA:32,0
DA:33,0
DA:35,0
DA:40,0
LF:15
LH:0
BRDA:25,0,0,0
BRDA:25,0,1,0
BRDA:29,1,0,0
BRDA:29,1,1,0
BRF:4
BRH:0
end_of_record
TN:
SF:src/index.tsx
FNF:0
FNH:0
DA:7,0
DA:10,0
DA:12,0
LF:3
LH:0
BRF:0
BRH:0
end_of_record
TN:
SF:src/reportWebVitals.ts
FN:3,(anonymous_0)
FN:5,(anonymous_1)
FNF:2
FNH:0
FNDA:0,(anonymous_0)
FNDA:0,(anonymous_1)
DA:3,0
DA:4,0
DA:5,0
DA:6,0
DA:7,0
DA:8,0
DA:9,0
DA:10,0
LF:8
LH:0
BRDA:4,0,0,0
BRDA:4,0,1,0
BRDA:4,1,0,0
BRDA:4,1,1,0
BRF:4
BRH:0
end_of_record
TN:
SF:src/Services/app.service.ts
FN:3,(anonymous_0)
FNF:1
FNH:0
FNDA:0,(anonymous_0)
DA:3,0
DA:4,0
DA:5,0
DA:6,0
DA:7,0
DA:16,0
DA:18,0
LF:7
LH:0
BRF:0
BRH:0
end_of_record
TN:
SF:src/Utils/app.utils.ts
FN:7,(anonymous_0)
FN:29,(anonymous_1)
FN:37,(anonymous_2)
FN:39,(anonymous_3)
FN:53,(anonymous_4)
FN:101,(anonymous_5)
FN:105,(anonymous_6)
FNF:7
FNH:7
FNDA:3,(anonymous_0)
FNDA:5,(anonymous_1)
FNDA:36,(anonymous_2)
FNDA:36,(anonymous_3)
FNDA:4,(anonymous_4)
FNDA:1,(anonymous_5)
FNDA:1,(anonymous_6)
DA:4,1
DA:7,1
DA:8,3
DA:9,3
DA:10,3
DA:11,3
DA:14,3
DA:17,3
DA:18,180
DA:19,180
DA:20,180
DA:23,180
DA:26,3
DA:29,1
DA:34,5
DA:35,3
DA:37,36
DA:39,36
DA:41,3
DA:42,1
DA:43,1
DA:44,2
DA:45,1
DA:46,1
DA:53,1
DA:58,4
DA:59,1
DA:61,4
DA:68,4
DA:70,4
DA:72,4
DA:73,2
DA:74,2
DA:76,2
DA:101,1
DA:102,1
DA:105,1
DA:110,1
DA:111,1
DA:112,1
DA:114,1
DA:115,1
DA:120,1
DA:122,0
LF:44
LH:43
BRDA:34,0,0,3
BRDA:34,0,1,2
BRDA:41,1,0,1
BRDA:41,1,1,2
BRDA:44,2,0,1
BRDA:44,2,1,1
BRDA:58,3,0,1
BRDA:58,3,1,3
BRDA:70,4,0,4
BRDA:70,4,1,0
BRDA:72,5,0,2
BRDA:72,5,1,2
BRF:12
BRH:11
end_of_record
